TN:
SF:src\core\domain\entities\Memory.ts
FN:2,(anonymous_0)
FN:10,(anonymous_1)
FNF:2
FNH:2
FNDA:13,(anonymous_0)
FNDA:13,(anonymous_1)
DA:1,8
DA:3,13
DA:4,13
DA:5,13
DA:6,13
DA:7,13
DA:17,13
LF:7
LH:7
BRF:0
BRH:0
end_of_record
TN:
SF:src\core\domain\entities\User.ts
FN:6,(anonymous_0)
FN:13,(anonymous_1)
FNF:2
FNH:2
FNDA:7,(anonymous_0)
FNDA:7,(anonymous_1)
DA:5,6
DA:7,7
DA:8,7
DA:9,7
DA:10,7
DA:14,7
LF:6
LH:6
BRF:0
BRH:0
end_of_record
TN:
SF:src\core\domain\use-cases\Post\CreateMemory.ts
FN:6,(anonymous_7)
FN:8,(anonymous_8)
FNF:2
FNH:2
FNDA:2,(anonymous_7)
FNDA:1,(anonymous_8)
DA:2,2
DA:5,2
DA:6,2
DA:13,1
DA:21,1
DA:22,1
LF:6
LH:6
BRF:0
BRH:0
end_of_record
TN:
SF:src\core\domain\use-cases\Post\DeleteMemory.ts
FN:5,(anonymous_7)
FN:7,(anonymous_8)
FNF:2
FNH:2
FNDA:3,(anonymous_7)
FNDA:2,(anonymous_8)
DA:4,2
DA:5,3
DA:8,2
DA:10,2
DA:11,2
DA:12,1
DA:15,1
LF:7
LH:7
BRDA:11,0,0,1
BRDA:11,0,1,1
BRF:2
BRH:2
end_of_record
TN:
SF:src\core\domain\use-cases\Post\FindMemory.ts
FN:6,(anonymous_7)
FN:8,(anonymous_8)
FNF:2
FNH:2
FNDA:3,(anonymous_7)
FNDA:2,(anonymous_8)
DA:5,2
DA:6,3
DA:9,2
LF:3
LH:3
BRF:0
BRH:0
end_of_record
TN:
SF:src\core\domain\use-cases\Post\ListUserMemories.ts
FN:6,(anonymous_7)
FN:8,(anonymous_8)
FNF:2
FNH:2
FNDA:2,(anonymous_7)
FNDA:1,(anonymous_8)
DA:5,2
DA:6,2
DA:9,1
LF:3
LH:3
BRF:0
BRH:0
end_of_record
TN:
SF:src\core\domain\use-cases\Post\UpdateMemory.ts
FN:6,(anonymous_7)
FN:8,(anonymous_8)
FNF:2
FNH:2
FNDA:3,(anonymous_7)
FNDA:2,(anonymous_8)
DA:2,2
DA:5,2
DA:6,3
DA:12,2
DA:13,2
DA:14,1
DA:17,1
DA:25,1
DA:26,1
LF:9
LH:9
BRDA:13,0,0,1
BRDA:13,0,1,1
BRDA:21,1,0,1
BRDA:21,1,1,0
BRDA:21,2,0,1
BRDA:21,2,1,1
BRF:6
BRH:5
end_of_record
TN:
SF:src\core\domain\use-cases\User\LoginUser.ts
FN:6,(anonymous_7)
FN:8,(anonymous_8)
FN:28,(anonymous_10)
FNF:3
FNH:3
FNDA:3,(anonymous_7)
FNDA:2,(anonymous_8)
FNDA:1,(anonymous_10)
DA:5,2
DA:6,3
DA:9,2
DA:11,2
DA:12,2
DA:13,1
DA:16,1
DA:21,1
DA:22,0
DA:25,1
DA:32,1
LF:11
LH:10
BRDA:12,0,0,1
BRDA:12,0,1,1
BRDA:21,1,0,0
BRDA:21,1,1,1
BRF:4
BRH:3
end_of_record
TN:
SF:src\core\domain\use-cases\User\RegisterUser.ts
FN:9,(anonymous_7)
FN:11,(anonymous_8)
FN:36,(anonymous_10)
FNF:3
FNH:3
FNDA:2,(anonymous_7)
FNDA:1,(anonymous_8)
FNDA:1,(anonymous_10)
DA:2,2
DA:4,2
DA:5,2
DA:6,2
DA:8,2
DA:9,2
DA:16,1
DA:18,1
DA:19,1
DA:20,0
DA:23,1
DA:25,1
DA:32,1
DA:33,1
DA:37,1
LF:15
LH:14
BRDA:19,0,0,0
BRDA:19,0,1,1
BRF:2
BRH:1
end_of_record
TN:
SF:src\core\domain\use-cases\User\UpdateUser.ts
FN:8,(anonymous_7)
FN:10,(anonymous_8)
FNF:2
FNH:2
FNDA:2,(anonymous_7)
FNDA:1,(anonymous_8)
DA:2,2
DA:4,2
DA:5,2
DA:7,2
DA:8,2
DA:15,1
DA:17,1
DA:18,1
DA:19,0
DA:22,1
DA:23,1
DA:25,1
DA:32,1
DA:33,1
LF:14
LH:13
BRDA:18,0,0,0
BRDA:18,0,1,1
BRDA:22,1,0,1
BRDA:22,1,1,0
BRDA:23,2,0,1
BRDA:23,2,1,0
BRF:6
BRH:3
end_of_record
TN:
SF:src\core\domain\value-objects\Email.ts
FN:2,(anonymous_0)
FN:8,(anonymous_1)
FNF:2
FNH:2
FNDA:9,(anonymous_0)
FNDA:7,(anonymous_1)
DA:1,7
DA:2,9
DA:3,9
DA:4,1
DA:9,7
LF:5
LH:5
BRDA:3,0,0,1
BRDA:3,0,1,8
BRF:2
BRH:2
end_of_record
TN:
SF:src\core\domain\value-objects\Name.ts
FN:2,(anonymous_0)
FN:8,(anonymous_1)
FNF:2
FNH:2
FNDA:9,(anonymous_0)
FNDA:7,(anonymous_1)
DA:1,7
DA:2,9
DA:3,9
DA:4,1
DA:9,7
LF:5
LH:5
BRDA:3,0,0,1
BRDA:3,0,1,8
BRDA:3,1,0,9
BRDA:3,1,1,8
BRF:4
BRH:4
end_of_record
TN:
SF:src\core\domain\value-objects\Password.ts
FN:2,(anonymous_0)
FN:8,(anonymous_1)
FNF:2
FNH:2
FNDA:6,(anonymous_0)
FNDA:5,(anonymous_1)
DA:1,6
DA:2,6
DA:3,6
DA:4,0
DA:9,5
LF:5
LH:4
BRDA:3,0,0,0
BRDA:3,0,1,6
BRF:2
BRH:1
end_of_record
TN:
SF:src\core\factories\makeMemoryUseCases.ts
FN:9,makeMemoryUseCases
FNF:1
FNH:1
FNDA:1,makeMemoryUseCases
DA:2,1
DA:3,1
DA:4,1
DA:5,1
DA:6,1
DA:7,1
DA:9,1
DA:10,1
DA:12,1
DA:13,1
DA:14,1
DA:15,1
DA:16,1
DA:18,1
LF:14
LH:14
BRF:0
BRH:0
end_of_record
TN:
SF:src\core\factories\makeUserUseCases.ts
FN:7,makeUserUseCases
FNF:1
FNH:1
FNDA:1,makeUserUseCases
DA:2,1
DA:3,1
DA:4,1
DA:5,1
DA:7,1
DA:8,1
DA:10,1
DA:11,1
DA:12,1
DA:14,1
LF:10
LH:10
BRF:0
BRH:0
end_of_record
TN:
SF:src\core\infra\repositories\MockMemoryRepository.ts
FN:4,(anonymous_7)
FN:7,(anonymous_8)
FN:11,(anonymous_10)
FN:12,(anonymous_12)
FN:15,(anonymous_13)
FN:16,(anonymous_15)
FN:20,(anonymous_16)
FN:21,(anonymous_18)
FN:27,(anonymous_19)
FN:31,(anonymous_21)
FN:32,(anonymous_23)
FNF:11
FNH:10
FNDA:11,(anonymous_7)
FNDA:11,(anonymous_8)
FNDA:10,(anonymous_10)
FNDA:6,(anonymous_12)
FNDA:2,(anonymous_13)
FNDA:6,(anonymous_15)
FNDA:1,(anonymous_16)
FNDA:1,(anonymous_18)
FNDA:0,(anonymous_19)
FNDA:1,(anonymous_21)
FNDA:1,(anonymous_23)
DA:4,7
DA:5,11
DA:8,11
DA:12,10
DA:16,6
DA:21,1
DA:22,1
DA:23,1
DA:28,0
DA:32,1
LF:10
LH:9
BRDA:12,0,0,10
BRDA:12,0,1,4
BRDA:22,1,0,1
BRDA:22,1,1,0
BRF:4
BRH:3
end_of_record
TN:
SF:src\core\infra\repositories\MockUserRepository.ts
FN:4,(anonymous_7)
FN:7,(anonymous_8)
FN:11,(anonymous_10)
FN:12,(anonymous_12)
FN:15,(anonymous_13)
FN:16,(anonymous_15)
FN:19,(anonymous_16)
FN:20,(anonymous_18)
FN:26,(anonymous_19)
FN:27,(anonymous_21)
FNF:10
FNH:10
FNDA:7,(anonymous_7)
FNDA:5,(anonymous_8)
FNDA:3,(anonymous_10)
FNDA:1,(anonymous_12)
FNDA:5,(anonymous_13)
FNDA:4,(anonymous_15)
FNDA:1,(anonymous_16)
FNDA:1,(anonymous_18)
FNDA:1,(anonymous_19)
FNDA:1,(anonymous_21)
DA:4,5
DA:5,7
DA:8,5
DA:12,3
DA:16,5
DA:20,1
DA:21,1
DA:22,1
DA:27,1
LF:9
LH:9
BRDA:12,0,0,3
BRDA:12,0,1,2
BRDA:16,1,0,5
BRDA:16,1,1,1
BRDA:21,2,0,1
BRDA:21,2,1,0
BRF:6
BRH:5
end_of_record
